c:\users\hyeonho\documents\visual studio 2017\projects\mobilept\mobilept\debug\vc141.pdb
c:\users\hyeonho\documents\visual studio 2017\projects\mobilept\mobilept\debug\vc141.idb
c:\users\hyeonho\documents\visual studio 2017\projects\mobilept\mobilept\debug\main.obj
c:\users\hyeonho\documents\visual studio 2017\projects\mobilept\mobilept\debug\common.obj
c:\users\hyeonho\documents\visual studio 2017\projects\mobilept\debug\mobilept.pdb
c:\users\hyeonho\documents\visual studio 2017\projects\mobilept\mobilept\debug\mobilept.tlog\cl.command.1.tlog
c:\users\hyeonho\documents\visual studio 2017\projects\mobilept\mobilept\debug\mobilept.tlog\cl.read.1.tlog
c:\users\hyeonho\documents\visual studio 2017\projects\mobilept\mobilept\debug\mobilept.tlog\cl.write.1.tlog
c:\users\hyeonho\documents\visual studio 2017\projects\mobilept\mobilept\debug\mobilept.tlog\link-cvtres.read.1.tlog
c:\users\hyeonho\documents\visual studio 2017\projects\mobilept\mobilept\debug\mobilept.tlog\link-cvtres.write.1.tlog
c:\users\hyeonho\documents\visual studio 2017\projects\mobilept\mobilept\debug\mobilept.tlog\link-rc.read.1.tlog
c:\users\hyeonho\documents\visual studio 2017\projects\mobilept\mobilept\debug\mobilept.tlog\link-rc.write.1.tlog
c:\users\hyeonho\documents\visual studio 2017\projects\mobilept\mobilept\debug\mobilept.tlog\link.18824-cvtres.read.1.tlog
c:\users\hyeonho\documents\visual studio 2017\projects\mobilept\mobilept\debug\mobilept.tlog\link.18824-cvtres.write.1.tlog
c:\users\hyeonho\documents\visual studio 2017\projects\mobilept\mobilept\debug\mobilept.tlog\link.18824-rc.read.1.tlog
c:\users\hyeonho\documents\visual studio 2017\projects\mobilept\mobilept\debug\mobilept.tlog\link.18824-rc.write.1.tlog
c:\users\hyeonho\documents\visual studio 2017\projects\mobilept\mobilept\debug\mobilept.tlog\link.18824.read.1.tlog
c:\users\hyeonho\documents\visual studio 2017\projects\mobilept\mobilept\debug\mobilept.tlog\link.18824.write.1.tlog
c:\users\hyeonho\documents\visual studio 2017\projects\mobilept\mobilept\debug\mobilept.tlog\link.command.1.tlog
c:\users\hyeonho\documents\visual studio 2017\projects\mobilept\mobilept\debug\mobilept.tlog\link.read.1.tlog
c:\users\hyeonho\documents\visual studio 2017\projects\mobilept\mobilept\debug\mobilept.tlog\link.write.1.tlog
